<?xml version="1.0" encoding="UTF-8"?>
<!-- Generated by org.testng.reporters.JUnitReportReporter -->
<testsuite hostname="DESKTOP-9HU6DH7" failures="0" tests="3" name="webTests.testCases.EhsItemSearchTest" time="5.661" errors="0" timestamp="2023-04-01T21:51:18 CEST" skipped="0">
  <testcase classname="webTests.testCases.EhsItemSearchTest" name="verificationOfItemList" time="0.292"/>
  <system-out/>
  <testcase classname="webTests.testCases.EhsItemSearchTest" name="verificationOfSpecificItems" time="2.219"/>
  <system-out/>
  <testcase classname="webTests.testCases.EhsItemSearchTest" name="verificationOfSearchItemsMethod" time="3.150"/>
  <system-out/>
</testsuite> <!-- webTests.testCases.EhsItemSearchTest -->
